c:\users\dmitry\desktop\labrab\pl\kyrs\sda-2019\sda-2019\debug\vc142.pdb
c:\users\dmitry\desktop\labrab\pl\kyrs\sda-2019\sda-2019\debug\vc142.idb
c:\users\dmitry\desktop\labrab\pl\kyrs\sda-2019\sda-2019\debug\semant.obj
c:\users\dmitry\desktop\labrab\pl\kyrs\sda-2019\sda-2019\debug\polishnotation.obj
c:\users\dmitry\desktop\labrab\pl\kyrs\sda-2019\sda-2019\debug\parm.obj
c:\users\dmitry\desktop\labrab\pl\kyrs\sda-2019\sda-2019\debug\out.obj
c:\users\dmitry\desktop\labrab\pl\kyrs\sda-2019\sda-2019\debug\mfst.obj
c:\users\dmitry\desktop\labrab\pl\kyrs\sda-2019\sda-2019\debug\main.obj
c:\users\dmitry\desktop\labrab\pl\kyrs\sda-2019\sda-2019\debug\lt.obj
c:\users\dmitry\desktop\labrab\pl\kyrs\sda-2019\sda-2019\debug\log.obj
c:\users\dmitry\desktop\labrab\pl\kyrs\sda-2019\sda-2019\debug\lex.obj
c:\users\dmitry\desktop\labrab\pl\kyrs\sda-2019\sda-2019\debug\it.obj
c:\users\dmitry\desktop\labrab\pl\kyrs\sda-2019\sda-2019\debug\in.obj
c:\users\dmitry\desktop\labrab\pl\kyrs\sda-2019\sda-2019\debug\grb.obj
c:\users\dmitry\desktop\labrab\pl\kyrs\sda-2019\sda-2019\debug\fst.obj
c:\users\dmitry\desktop\labrab\pl\kyrs\sda-2019\sda-2019\debug\error.obj
c:\users\dmitry\desktop\labrab\pl\kyrs\sda-2019\sda-2019\debug\codegen.obj
c:\users\dmitry\desktop\labrab\pl\kyrs\sda-2019\debug\sda-2019.ilk
c:\users\dmitry\desktop\labrab\pl\kyrs\sda-2019\debug\sda-2019.exe
c:\users\dmitry\desktop\labrab\pl\kyrs\sda-2019\debug\sda-2019.pdb
c:\users\dmitry\desktop\labrab\pl\kyrs\sda-2019\sda-2019\debug\sda-2019.tlog\cl.command.1.tlog
c:\users\dmitry\desktop\labrab\pl\kyrs\sda-2019\sda-2019\debug\sda-2019.tlog\cl.read.1.tlog
c:\users\dmitry\desktop\labrab\pl\kyrs\sda-2019\sda-2019\debug\sda-2019.tlog\cl.write.1.tlog
c:\users\dmitry\desktop\labrab\pl\kyrs\sda-2019\sda-2019\debug\sda-2019.tlog\link.command.1.tlog
c:\users\dmitry\desktop\labrab\pl\kyrs\sda-2019\sda-2019\debug\sda-2019.tlog\link.read.1.tlog
c:\users\dmitry\desktop\labrab\pl\kyrs\sda-2019\sda-2019\debug\sda-2019.tlog\link.write.1.tlog
