Microsoft (R) Macro Assembler Version 14.23.28106.4	    11/28/19 10:31:35
LP_asm01e.asm						     Page 1 - 1


				.586P
				.MODEL FLAT, stdcall
				includelib libucrt.lib
				includelib kernel32.lib
				ExitProcess PROTO : DWORD
				EXTRN getmax: PROC 
				EXTRN getmin: PROC
				EXTRN WriteInConsole: PROC


				SetConsoleTitleA PROTO :DWORD
				GetStdHandle PROTO :DWORD
				WriteConsoleA PROTO :DWORD,:DWORD,:DWORD,:DWORD,:DWORD

				.STACK 4096

 00000000			.CONST

 00000000 69 6E 74 5F 74	consoletitle db 'int_to_char', 0
	   6F 5F 63 68 61
	   72 00
 0000000C 67 65 74 6D 61	stroka db 'getmax - getmin = ', 0
	   78 20 2D 20 67
	   65 74 6D 69 6E
	   20 3D 20 00

 00000000			.DATA

 00000000 0000000B		ARR     DWORD 11, 44, 10, 39, 5, 22, 12, 100, 50, 33
	   0000002C
	   0000000A
	   00000027
	   00000005
	   00000016
	   0000000C
	   00000064
	   00000032
	   00000021
 00000028 0000000A		NUM     DWORD 10
 0000002C 00000000		S       SDWORD ?
 00000030  00000028 [		RESULT byte 40 dup(0)
	    00
	   ]

 00000058 00000000		consolehandle dd 0h

 00000000			.CODE

 00000000			printconsole PROC uses eax ebx ecx edi esi, pstr: DWORD, ptitle: DWORD
				 
 00000008  FF 75 0C		   push ptitle
 0000000B  E8 00000000 E	   call SetConsoleTitleA

 00000010  6A F5		   push -11
 00000012  E8 00000000 E	   call GetStdHandle

 00000017  8B 75 08		   mov esi, pstr
 0000001A  BF FFFFFFFF		   mov edi, -1
 0000001F			count:
 0000001F  47			   inc edi
 00000020  80 3C 3E 00		   cmp byte ptr [esi + edi], 0
 00000024  75 F9		   jne count

 00000026  6A 00		   push 0
 00000028  6A 00		   push 0
 0000002A  57			   push edi
 0000002B  FF 75 08		   push pstr
 0000002E  50			   push eax
 0000002F  E8 00000000 E	   call WriteConsoleA

				   ret
 0000003D			   printconsole ENDP

 0000003D			int_to_char PROC uses eax ebx ecx edi esi, pstr: dword, intfield: dword

 00000045  8B 7D 08		   mov edi, pstr
 00000048  BE 00000000		   mov esi, 0
 0000004D  8B 45 0C		   mov eax, intfield
 00000050  99			   cdq ; знак распространители с eax на edx
 00000051  BB 0000000A		   mov ebx, 10
 00000056  F7 FB		   idiv ebx ; eax=eax/ebx
 00000058  A9 80000000		   test eax,80000000h ; резалт отрицательный?
 0000005D  74 09		   jz plus
 0000005F  F7 D8		   neg eax
 00000061  F7 DA		   neg edx
 00000063  B1 2D		   mov cl, '-'
 00000065  88 0F		   mov [edi], cl
 00000067  47			   inc edi ; ++edi

 00000068			plus: 
 00000068  66| 52		   push dx
 0000006A  46			   inc esi
 0000006B  85 C0		   test eax, eax
 0000006D  74 05		   jz fin
 0000006F  99			   cdq 
 00000070  F7 FB		   idiv ebx
 00000072  EB F4		   jmp plus

 00000074			fin: 
 00000074  8B CE		   mov ecx, esi
 00000076			write:
 00000076  66| 5B		   pop bx
 00000078  80 C3 30		   add bl, '0'
 0000007B  88 1F		   mov [edi], bl
 0000007D  47			   inc edi
 0000007E  E2 F6		   loop write

				ret

 00000089			int_to_char ENDP


 00000089			main PROC
 00000089			START :

				 
 00000089  FF 35 00000028 R	   push NUM
 0000008F  68 00000000 R	   push offset ARR
 00000094  E8 00000000 E	   call getmin
 00000099  A3 0000002C R	   mov S, eax
 0000009E  FF 35 00000028 R	   push NUM
 000000A4  68 00000000 R	   push offset ARR
 000000A9  E8 00000000 E	   call getmax
 000000AE  29 05 0000002C R	   sub S, eax
				  
 000000B4  FF 35 0000002C R	   push S
 000000BA  68 00000030 R	   push offset RESULT
 000000BF  E8 FFFFFF79		   call int_to_char


 000000C4  68 000000E4		   push 228
 000000C9  E8 00000000 E	   call WriteInConsole
				   ;push offset consoletitle
				   ;push offset stroka
				   ;call printconsole

				   ;push offset consoletitle
				   ;push offset RESULT
				   ;call printconsole

 000000CE  6A 00		   push 0
 000000D0  E8 00000000 E	   call ExitProcess
 000000D5			main ENDP

				end main
Microsoft (R) Macro Assembler Version 14.23.28106.4	    11/28/19 10:31:35
LP_asm01e.asm						     Symbols 2 - 1




Segments and Groups:

                N a m e                 Size     Length   Align   Combine Class

CONST  . . . . . . . . . . . . .	32 Bit	 0000001F Para	  Public  'CONST'	 ReadOnly
FLAT . . . . . . . . . . . . . .	GROUP
STACK  . . . . . . . . . . . . .	32 Bit	 00001000 Para	  Stack	  'STACK'	 
_DATA  . . . . . . . . . . . . .	32 Bit	 0000005C Para	  Public  'DATA'	
_TEXT  . . . . . . . . . . . . .	32 Bit	 000000D5 Para	  Public  'CODE'	


Procedures, parameters, and locals:

                N a m e                 Type     Value    Attr

ExitProcess  . . . . . . . . . .	P Near	 00000000 FLAT	Length= 00000000 External STDCALL
GetStdHandle . . . . . . . . . .	P Near	 00000000 FLAT	Length= 00000000 External STDCALL
SetConsoleTitleA . . . . . . . .	P Near	 00000000 FLAT	Length= 00000000 External STDCALL
WriteConsoleA  . . . . . . . . .	P Near	 00000000 FLAT	Length= 00000000 External STDCALL
int_to_char  . . . . . . . . . .	P Near	 0000003D _TEXT	Length= 0000004C Public STDCALL
  pstr . . . . . . . . . . . . .	DWord	 bp + 00000008
  intfield . . . . . . . . . . .	DWord	 bp + 0000000C
  plus . . . . . . . . . . . . .	L Near	 00000068 _TEXT	
  fin  . . . . . . . . . . . . .	L Near	 00000074 _TEXT	
  write  . . . . . . . . . . . .	L Near	 00000076 _TEXT	
main . . . . . . . . . . . . . .	P Near	 00000089 _TEXT	Length= 0000004C Public STDCALL
  START  . . . . . . . . . . . .	L Near	 00000089 _TEXT	
printconsole . . . . . . . . . .	P Near	 00000000 _TEXT	Length= 0000003D Public STDCALL
  pstr . . . . . . . . . . . . .	DWord	 bp + 00000008
  ptitle . . . . . . . . . . . .	DWord	 bp + 0000000C
  count  . . . . . . . . . . . .	L Near	 0000001F _TEXT	


Symbols:

                N a m e                 Type     Value    Attr

@CodeSize  . . . . . . . . . . .	Number	 00000000h   
@DataSize  . . . . . . . . . . .	Number	 00000000h   
@Interface . . . . . . . . . . .	Number	 00000003h   
@Model . . . . . . . . . . . . .	Number	 00000007h   
@code  . . . . . . . . . . . . .	Text   	 _TEXT
@data  . . . . . . . . . . . . .	Text   	 FLAT
@fardata?  . . . . . . . . . . .	Text   	 FLAT
@fardata . . . . . . . . . . . .	Text   	 FLAT
@stack . . . . . . . . . . . . .	Text   	 FLAT
ARR  . . . . . . . . . . . . . .	DWord	 00000000 _DATA	
NUM  . . . . . . . . . . . . . .	DWord	 00000028 _DATA	
RESULT . . . . . . . . . . . . .	Byte	 00000030 _DATA	
S  . . . . . . . . . . . . . . .	DWord	 0000002C _DATA	
WriteInConsole . . . . . . . . .	L Near	 00000000 FLAT	External STDCALL
consolehandle  . . . . . . . . .	DWord	 00000058 _DATA	
consoletitle . . . . . . . . . .	Byte	 00000000 CONST	
getmax . . . . . . . . . . . . .	L Near	 00000000 FLAT	External STDCALL
getmin . . . . . . . . . . . . .	L Near	 00000000 FLAT	External STDCALL
stroka . . . . . . . . . . . . .	Byte	 0000000C CONST	

	   0 Warnings
	   0 Errors
